test > FailingSuite > failingTest() FAILED
    This is a test failure

12 tests completed, 7 succeeded, 4 skipped, 1 failed

FAILURE: Build failed with an exception.

* What went wrong:
Execution failed for task ':test'.
> Test(s) failed.
